<?xml version="1.0" encoding="UTF-8"?>
<!-- Generated by org.testng.reporters.JUnitReportReporter -->
<testsuite hostname="DESKTOP-9T4RS05" failures="0" tests="1" name="testpcg1.Test1" time="94.249" errors="0" timestamp="2023-07-03T23:09:18 IST" skipped="0">
  <testcase classname="testpcg1.Test1" name="f" time="94.249"/>
</testsuite> <!-- testpcg1.Test1 -->
